#
# There is insufficient memory for the Java Runtime Environment to continue.
# Native memory allocation (malloc) failed to allocate 68800 bytes for Chunk::new
# Possible reasons:
#   The system is out of physical RAM or swap space
#   The process is running with CompressedOops enabled, and the Java Heap may be blocking the growth of the native heap
# Possible solutions:
#   Reduce memory load on the system
#   Increase physical memory or swap space
#   Check if swap backing store is full
#   Decrease Java heap size (-Xmx/-Xms)
#   Decrease number of Java threads
#   Decrease Java thread stack sizes (-Xss)
#   Set larger code cache with -XX:ReservedCodeCacheSize=
#   JVM is running with Unscaled Compressed Oops mode in which the Java heap is
#     placed in the first 4GB address space. The Java Heap base address is the
#     maximum limit for the native heap growth. Please use -XX:HeapBaseMinAddress
#     to set the Java Heap base and to place the Java Heap above 4GB virtual address.
# This output file may be truncated or incomplete.
#
#  Out of Memory Error (./src/hotspot/share/memory/arena.cpp:197), pid=22860, tid=32368
#
# JRE version: OpenJDK Runtime Environment (11.0.13) (build 11.0.13+0-b1751.21-8125866)
# Java VM: OpenJDK 64-Bit Server VM (11.0.13+0-b1751.21-8125866, mixed mode, tiered, compressed oops, g1 gc, windows-amd64)
# No core dump will be written. Minidumps are not enabled by default on client versions of Windows
#

---------------  S U M M A R Y ------------

Command Line: --add-opens=java.base/java.util=ALL-UNNAMED --add-opens=java.base/java.lang=ALL-UNNAMED --add-opens=java.base/java.lang.invoke=ALL-UNNAMED --add-opens=java.base/java.util=ALL-UNNAMED --add-opens=java.prefs/java.util.prefs=ALL-UNNAMED --add-opens=java.prefs/java.util.prefs=ALL-UNNAMED --add-opens=java.base/java.nio.charset=ALL-UNNAMED --add-opens=java.base/java.net=ALL-UNNAMED --add-opens=java.base/java.util.concurrent.atomic=ALL-UNNAMED -Xmx2048m -Dfile.encoding=UTF-8 -Duser.country=NL -Duser.language=nl -Duser.variant org.gradle.launcher.daemon.bootstrap.GradleDaemon 7.4

Host: AMD Ryzen 5 3500U with Radeon Vega Mobile Gfx  , 8 cores, 5G,  Windows 11 , 64 bit Build 22621 (10.0.22621.1194)
Time: Mon Apr 10 12:18:31 2023 West-Europa (zomertijd) elapsed time: 75.170000 seconds (0d 0h 1m 15s)

---------------  T H R E A D  ---------------

Current thread (0x00000237b85f8800):  JavaThread "C2 CompilerThread0" daemon [_thread_in_native, id=32368, stack(0x0000008697c00000,0x0000008697d00000)]


Current CompileTask:
C2:  75170 2860  s!   4       jdk.internal.loader.URLClassPath::getLoader (194 bytes)

Stack: [0x0000008697c00000,0x0000008697d00000]
Native frames: (J=compiled Java code, j=interpreted, Vv=VM code, C=native code)
V  [jvm.dll+0x6100fa]
V  [jvm.dll+0x747090]
V  [jvm.dll+0x7486ad]
V  [jvm.dll+0x748d83]
V  [jvm.dll+0x24ab48]
V  [jvm.dll+0xc04dc]
V  [jvm.dll+0xc0a0c]
V  [jvm.dll+0xc060c]
V  [jvm.dll+0x66c33c]
V  [jvm.dll+0x52b4f4]
V  [jvm.dll+0x5290ce]
V  [jvm.dll+0x52652e]
V  [jvm.dll+0x5265a4]
V  [jvm.dll+0x5265a4]
V  [jvm.dll+0x5265a4]
V  [jvm.dll+0x5265a4]
V  [jvm.dll+0x5244a6]
V  [jvm.dll+0x2045ac]
V  [jvm.dll+0x2023c2]
V  [jvm.dll+0x188e01]
V  [jvm.dll+0x21106b]
V  [jvm.dll+0x20f8c1]
V  [jvm.dll+0x70de0f]
V  [jvm.dll+0x706a75]
V  [jvm.dll+0x60ed66]
C  [ucrtbase.dll+0x29363]
C  [KERNEL32.DLL+0x126bd]
C  [ntdll.dll+0x5dfb8]


---------------  P R O C E S S  ---------------

Threads class SMR info:
_java_thread_list=0x00000237bd24f570, length=30, elements={
0x000002379c19d000, 0x00000237b85d8000, 0x00000237b85e3000, 0x00000237b8f92800,
0x00000237b85f6800, 0x00000237b85f7800, 0x00000237b85f8800, 0x00000237b85f9800,
0x00000237b8604800, 0x00000237b90d8000, 0x00000237ba951800, 0x00000237b93d1800,
0x00000237b9be4800, 0x00000237ba17a800, 0x00000237ba17b000, 0x00000237ba94b800,
0x00000237baa4d800, 0x00000237ba0ab800, 0x00000237ba5ca800, 0x00000237ba6dc000,
0x00000237b9e88800, 0x00000237b9e8a000, 0x00000237b9e84800, 0x00000237b9e89000,
0x00000237b9e85000, 0x00000237b9e86800, 0x00000237b9e87800, 0x00000237b9e8b000,
0x00000237b9e86000, 0x00000237bbe3d800
}

Java Threads: ( => current thread )
  0x000002379c19d000 JavaThread "main" [_thread_blocked, id=7992, stack(0x0000008697000000,0x0000008697100000)]
  0x00000237b85d8000 JavaThread "Reference Handler" daemon [_thread_blocked, id=23204, stack(0x0000008697700000,0x0000008697800000)]
  0x00000237b85e3000 JavaThread "Finalizer" daemon [_thread_blocked, id=6780, stack(0x0000008697800000,0x0000008697900000)]
  0x00000237b8f92800 JavaThread "Signal Dispatcher" daemon [_thread_blocked, id=24684, stack(0x0000008697900000,0x0000008697a00000)]
  0x00000237b85f6800 JavaThread "Attach Listener" daemon [_thread_blocked, id=27440, stack(0x0000008697a00000,0x0000008697b00000)]
  0x00000237b85f7800 JavaThread "Service Thread" daemon [_thread_blocked, id=24232, stack(0x0000008697b00000,0x0000008697c00000)]
=>0x00000237b85f8800 JavaThread "C2 CompilerThread0" daemon [_thread_in_native, id=32368, stack(0x0000008697c00000,0x0000008697d00000)]
  0x00000237b85f9800 JavaThread "C1 CompilerThread0" daemon [_thread_blocked, id=28428, stack(0x0000008697d00000,0x0000008697e00000)]
  0x00000237b8604800 JavaThread "Sweeper thread" daemon [_thread_blocked, id=2948, stack(0x0000008697e00000,0x0000008697f00000)]
  0x00000237b90d8000 JavaThread "Common-Cleaner" daemon [_thread_blocked, id=17928, stack(0x0000008697f00000,0x0000008698000000)]
  0x00000237ba951800 JavaThread "Daemon health stats" [_thread_blocked, id=6860, stack(0x0000008698200000,0x0000008698300000)]
  0x00000237b93d1800 JavaThread "Incoming local TCP Connector on port 50265" [_thread_in_native, id=22336, stack(0x0000008698300000,0x0000008698400000)]
  0x00000237b9be4800 JavaThread "Daemon periodic checks" [_thread_blocked, id=24536, stack(0x0000008698400000,0x0000008698500000)]
  0x00000237ba17a800 JavaThread "Daemon" [_thread_blocked, id=24408, stack(0x0000008698500000,0x0000008698600000)]
  0x00000237ba17b000 JavaThread "Handler for socket connection from /127.0.0.1:50265 to /127.0.0.1:50266" [_thread_in_native, id=10848, stack(0x0000008698600000,0x0000008698700000)]
  0x00000237ba94b800 JavaThread "Cancel handler" [_thread_blocked, id=10960, stack(0x0000008698700000,0x0000008698800000)]
  0x00000237baa4d800 JavaThread "Daemon worker" [_thread_in_vm, id=32332, stack(0x0000008698800000,0x0000008698900000)]
  0x00000237ba0ab800 JavaThread "Asynchronous log dispatcher for DefaultDaemonConnection: socket connection from /127.0.0.1:50265 to /127.0.0.1:50266" [_thread_blocked, id=21648, stack(0x0000008698900000,0x0000008698a00000)]
  0x00000237ba5ca800 JavaThread "Stdin handler" [_thread_blocked, id=29924, stack(0x0000008698a00000,0x0000008698b00000)]
  0x00000237ba6dc000 JavaThread "Daemon client event forwarder" [_thread_blocked, id=32604, stack(0x0000008698b00000,0x0000008698c00000)]
  0x00000237b9e88800 JavaThread "Cache worker for journal cache (C:\Users\lieke\.gradle\caches\journal-1)" [_thread_blocked, id=24328, stack(0x0000008698c00000,0x0000008698d00000)]
  0x00000237b9e8a000 JavaThread "File lock request listener" [_thread_in_native, id=4888, stack(0x0000008698d00000,0x0000008698e00000)]
  0x00000237b9e84800 JavaThread "Cache worker for file hash cache (C:\Users\lieke\.gradle\caches\7.4\fileHashes)" [_thread_blocked, id=9552, stack(0x0000008698f00000,0x0000008699000000)]
  0x00000237b9e89000 JavaThread "File watcher server" daemon [_thread_in_native, id=14112, stack(0x0000008699700000,0x0000008699800000)]
  0x00000237b9e85000 JavaThread "File watcher consumer" daemon [_thread_blocked, id=17280, stack(0x0000008699800000,0x0000008699900000)]
  0x00000237b9e86800 JavaThread "Cache worker for checksums cache (C:\Code\RentMyProperty\.gradle\7.4\checksums)" [_thread_blocked, id=28788, stack(0x0000008699900000,0x0000008699a00000)]
  0x00000237b9e87800 JavaThread "Cache worker for cache directory md-rule (C:\Users\lieke\.gradle\caches\7.4\md-rule)" [_thread_blocked, id=27444, stack(0x0000008699a00000,0x0000008699b00000)]
  0x00000237b9e8b000 JavaThread "Cache worker for file hash cache (C:\Code\RentMyProperty\.gradle\7.4\fileHashes)" [_thread_blocked, id=2828, stack(0x0000008699b00000,0x0000008699c00000)]
  0x00000237b9e86000 JavaThread "Cache worker for cache directory md-supplier (C:\Users\lieke\.gradle\caches\7.4\md-supplier)" [_thread_blocked, id=31412, stack(0x0000008699c00000,0x0000008699d00000)]
  0x00000237bbe3d800 JavaThread "Cache worker for execution history cache (C:\Users\lieke\.gradle\caches\7.4\executionHistory)" [_thread_blocked, id=25896, stack(0x0000008699d00000,0x0000008699e00000)]

Other Threads:
  0x00000237b85d5000 VMThread "VM Thread" [stack: 0x0000008697600000,0x0000008697700000] [id=27224]
  0x00000237b90f7000 WatcherThread [stack: 0x0000008698000000,0x0000008698100000] [id=20376]
  0x000002379c1b5000 GCTaskThread "GC Thread#0" [stack: 0x0000008697100000,0x0000008697200000] [id=5116]
  0x00000237ba2da800 GCTaskThread "GC Thread#1" [stack: 0x0000008698100000,0x0000008698200000] [id=11216]
  0x00000237bb424000 GCTaskThread "GC Thread#2" [stack: 0x0000008699000000,0x0000008699100000] [id=27332]
  0x00000237b97df800 GCTaskThread "GC Thread#3" [stack: 0x0000008699100000,0x0000008699200000] [id=32364]
  0x00000237baabf000 GCTaskThread "GC Thread#4" [stack: 0x0000008699200000,0x0000008699300000] [id=33236]
  0x00000237baa4a000 GCTaskThread "GC Thread#5" [stack: 0x0000008699300000,0x0000008699400000] [id=18728]
  0x00000237b9b48800 GCTaskThread "GC Thread#6" [stack: 0x0000008699400000,0x0000008699500000] [id=16504]
  0x00000237b9ac2800 GCTaskThread "GC Thread#7" [stack: 0x0000008699500000,0x0000008699600000] [id=3764]
  0x000002379c1e7000 ConcurrentGCThread "G1 Main Marker" [stack: 0x0000008697200000,0x0000008697300000] [id=480]
  0x000002379c1e9000 ConcurrentGCThread "G1 Conc#0" [stack: 0x0000008697300000,0x0000008697400000] [id=4640]
  0x00000237baa7b000 ConcurrentGCThread "G1 Conc#1" [stack: 0x0000008699600000,0x0000008699700000] [id=11388]
  0x000002379c262800 ConcurrentGCThread "G1 Refine#0" [stack: 0x0000008697400000,0x0000008697500000] [id=9108]
  0x00000237b8430800 ConcurrentGCThread "G1 Young RemSet Sampling" [stack: 0x0000008697500000,0x0000008697600000] [id=30756]

Threads with active compile tasks:
C2 CompilerThread0  75287 2860  s!   4       jdk.internal.loader.URLClassPath::getLoader (194 bytes)

VM state:not at safepoint (normal execution)

VM Mutex/Monitor currently owned by a thread: None

Heap address: 0x0000000080000000, size: 2048 MB, Compressed Oops mode: 32-bit
Narrow klass base: 0x0000000000000000, Narrow klass shift: 3
Compressed class space size: 1073741824 Address: 0x0000000100000000

Heap:
 garbage-first heap   total 98304K, used 38625K [0x0000000080000000, 0x0000000100000000)
  region size 1024K, 23 young (23552K), 4 survivors (4096K)
 Metaspace       used 33778K, capacity 34553K, committed 34864K, reserved 1079296K
  class space    used 4332K, capacity 4620K, committed 4736K, reserved 1048576K
Heap Regions: E=young(eden), S=young(survivor), O=old, HS=humongous(starts), HC=humongous(continues), CS=collection set, F=free, A=archive, TAMS=top-at-mark-start (previous, next)
|   0|0x0000000080000000, 0x0000000080100000, 0x0000000080100000|100%| O|  |TAMS 0x0000000080100000, 0x0000000080000000| Untracked 
|   1|0x0000000080100000, 0x0000000080200000, 0x0000000080200000|100%| O|  |TAMS 0x0000000080200000, 0x0000000080100000| Untracked 
|   2|0x0000000080200000, 0x0000000080300000, 0x0000000080300000|100%| O|  |TAMS 0x0000000080300000, 0x0000000080200000| Untracked 
|   3|0x0000000080300000, 0x0000000080400000, 0x0000000080400000|100%|HS|  |TAMS 0x0000000080400000, 0x0000000080300000| Complete 
|   4|0x0000000080400000, 0x0000000080500000, 0x0000000080500000|100%|HC|  |TAMS 0x0000000080500000, 0x0000000080400000| Complete 
|   5|0x0000000080500000, 0x0000000080600000, 0x0000000080600000|100%|HC|  |TAMS 0x0000000080600000, 0x0000000080500000| Complete 
|   6|0x0000000080600000, 0x0000000080700000, 0x0000000080700000|100%| O|  |TAMS 0x0000000080700000, 0x0000000080600000| Untracked 
|   7|0x0000000080700000, 0x0000000080800000, 0x0000000080800000|100%| O|  |TAMS 0x0000000080800000, 0x0000000080700000| Untracked 
|   8|0x0000000080800000, 0x0000000080900000, 0x0000000080900000|100%| O|  |TAMS 0x0000000080900000, 0x0000000080800000| Untracked 
|   9|0x0000000080900000, 0x0000000080a00000, 0x0000000080a00000|100%| O|  |TAMS 0x0000000080a00000, 0x0000000080900000| Untracked 
|  10|0x0000000080a00000, 0x0000000080b00000, 0x0000000080b00000|100%| O|  |TAMS 0x0000000080b00000, 0x0000000080a00000| Untracked 
|  11|0x0000000080b00000, 0x0000000080c00000, 0x0000000080c00000|100%| O|  |TAMS 0x0000000080c00000, 0x0000000080b00000| Untracked 
|  12|0x0000000080c00000, 0x0000000080d00000, 0x0000000080d00000|100%| O|  |TAMS 0x0000000080d00000, 0x0000000080c00000| Untracked 
|  13|0x0000000080d00000, 0x0000000080e00000, 0x0000000080e00000|100%| O|  |TAMS 0x0000000080e00000, 0x0000000080d00000| Untracked 
|  14|0x0000000080e00000, 0x0000000080f00000, 0x0000000080f00000|100%| O|  |TAMS 0x0000000080e31400, 0x0000000080e00000| Untracked 
|  15|0x0000000080f00000, 0x0000000081000000, 0x0000000081000000|100%| O|  |TAMS 0x0000000080f00000, 0x0000000080f00000| Untracked 
|  16|0x0000000081000000, 0x0000000081038800, 0x0000000081100000| 22%| O|  |TAMS 0x0000000081000000, 0x0000000081000000| Untracked 
|  17|0x0000000081100000, 0x0000000081100000, 0x0000000081200000|  0%| F|  |TAMS 0x0000000081100000, 0x0000000081100000| Untracked 
|  18|0x0000000081200000, 0x0000000081200000, 0x0000000081300000|  0%| F|  |TAMS 0x0000000081200000, 0x0000000081200000| Untracked 
|  19|0x0000000081300000, 0x0000000081300000, 0x0000000081400000|  0%| F|  |TAMS 0x0000000081300000, 0x0000000081300000| Untracked 
|  20|0x0000000081400000, 0x0000000081400000, 0x0000000081500000|  0%| F|  |TAMS 0x0000000081400000, 0x0000000081400000| Untracked 
|  21|0x0000000081500000, 0x0000000081500000, 0x0000000081600000|  0%| F|  |TAMS 0x0000000081500000, 0x0000000081500000| Untracked 
|  22|0x0000000081600000, 0x0000000081600000, 0x0000000081700000|  0%| F|  |TAMS 0x0000000081600000, 0x0000000081600000| Untracked 
|  23|0x0000000081700000, 0x0000000081700000, 0x0000000081800000|  0%| F|  |TAMS 0x0000000081700000, 0x0000000081700000| Untracked 
|  24|0x0000000081800000, 0x0000000081800000, 0x0000000081900000|  0%| F|  |TAMS 0x0000000081800000, 0x0000000081800000| Untracked 
|  25|0x0000000081900000, 0x0000000081900000, 0x0000000081a00000|  0%| F|  |TAMS 0x0000000081900000, 0x0000000081900000| Untracked 
|  26|0x0000000081a00000, 0x0000000081a00000, 0x0000000081b00000|  0%| F|  |TAMS 0x0000000081a00000, 0x0000000081a00000| Untracked 
|  27|0x0000000081b00000, 0x0000000081b00000, 0x0000000081c00000|  0%| F|  |TAMS 0x0000000081b00000, 0x0000000081b00000| Untracked 
|  28|0x0000000081c00000, 0x0000000081c00000, 0x0000000081d00000|  0%| F|  |TAMS 0x0000000081c00000, 0x0000000081c00000| Untracked 
|  29|0x0000000081d00000, 0x0000000081d00000, 0x0000000081e00000|  0%| F|  |TAMS 0x0000000081d00000, 0x0000000081d00000| Untracked 
|  30|0x0000000081e00000, 0x0000000081e00000, 0x0000000081f00000|  0%| F|  |TAMS 0x0000000081e00000, 0x0000000081e00000| Untracked 
|  31|0x0000000081f00000, 0x0000000081f00000, 0x0000000082000000|  0%| F|  |TAMS 0x0000000081f00000, 0x0000000081f00000| Untracked 
|  32|0x0000000082000000, 0x0000000082000000, 0x0000000082100000|  0%| F|  |TAMS 0x0000000082000000, 0x0000000082000000| Untracked 
|  33|0x0000000082100000, 0x0000000082100000, 0x0000000082200000|  0%| F|  |TAMS 0x0000000082100000, 0x0000000082100000| Untracked 
|  34|0x0000000082200000, 0x0000000082200000, 0x0000000082300000|  0%| F|  |TAMS 0x0000000082200000, 0x0000000082200000| Untracked 
|  35|0x0000000082300000, 0x0000000082300000, 0x0000000082400000|  0%| F|  |TAMS 0x0000000082300000, 0x0000000082300000| Untracked 
|  36|0x0000000082400000, 0x0000000082400000, 0x0000000082500000|  0%| F|  |TAMS 0x0000000082400000, 0x0000000082400000| Untracked 
|  37|0x0000000082500000, 0x0000000082500000, 0x0000000082600000|  0%| F|  |TAMS 0x0000000082500000, 0x0000000082500000| Untracked 
|  38|0x0000000082600000, 0x0000000082600000, 0x0000000082700000|  0%| F|  |TAMS 0x0000000082600000, 0x0000000082600000| Untracked 
|  39|0x0000000082700000, 0x0000000082700000, 0x0000000082800000|  0%| F|  |TAMS 0x0000000082700000, 0x0000000082700000| Untracked 
|  40|0x0000000082800000, 0x000000008287ff50, 0x0000000082900000| 49%| S|CS|TAMS 0x0000000082800000, 0x0000000082800000| Complete 
|  41|0x0000000082900000, 0x0000000082a00000, 0x0000000082a00000|100%| S|CS|TAMS 0x0000000082900000, 0x0000000082900000| Complete 
|  42|0x0000000082a00000, 0x0000000082b00000, 0x0000000082b00000|100%| S|CS|TAMS 0x0000000082a00000, 0x0000000082a00000| Complete 
|  43|0x0000000082b00000, 0x0000000082b00000, 0x0000000082c00000|  0%| F|  |TAMS 0x0000000082b00000, 0x0000000082b00000| Untracked 
|  44|0x0000000082c00000, 0x0000000082c00000, 0x0000000082d00000|  0%| F|  |TAMS 0x0000000082c00000, 0x0000000082c00000| Untracked 
|  45|0x0000000082d00000, 0x0000000082d00000, 0x0000000082e00000|  0%| F|  |TAMS 0x0000000082d00000, 0x0000000082d00000| Untracked 
|  46|0x0000000082e00000, 0x0000000082e00000, 0x0000000082f00000|  0%| F|  |TAMS 0x0000000082e00000, 0x0000000082e00000| Untracked 
|  47|0x0000000082f00000, 0x0000000083000000, 0x0000000083000000|100%| S|CS|TAMS 0x0000000082f00000, 0x0000000082f00000| Complete 
|  48|0x0000000083000000, 0x0000000083000000, 0x0000000083100000|  0%| F|  |TAMS 0x0000000083000000, 0x0000000083000000| Untracked 
|  49|0x0000000083100000, 0x0000000083100000, 0x0000000083200000|  0%| F|  |TAMS 0x0000000083100000, 0x0000000083100000| Untracked 
|  50|0x0000000083200000, 0x0000000083200000, 0x0000000083300000|  0%| F|  |TAMS 0x0000000083200000, 0x0000000083200000| Untracked 
|  51|0x0000000083300000, 0x0000000083300000, 0x0000000083400000|  0%| F|  |TAMS 0x0000000083300000, 0x0000000083300000| Untracked 
|  52|0x0000000083400000, 0x0000000083400000, 0x0000000083500000|  0%| F|  |TAMS 0x0000000083400000, 0x0000000083400000| Untracked 
|  53|0x0000000083500000, 0x0000000083500000, 0x0000000083600000|  0%| F|  |TAMS 0x0000000083500000, 0x0000000083500000| Untracked 
|  54|0x0000000083600000, 0x0000000083600000, 0x0000000083700000|  0%| F|  |TAMS 0x0000000083600000, 0x0000000083600000| Untracked 
|  55|0x0000000083700000, 0x0000000083700000, 0x0000000083800000|  0%| F|  |TAMS 0x0000000083700000, 0x0000000083700000| Untracked 
|  56|0x0000000083800000, 0x0000000083800000, 0x0000000083900000|  0%| F|  |TAMS 0x0000000083800000, 0x0000000083800000| Untracked 
|  57|0x0000000083900000, 0x0000000083900000, 0x0000000083a00000|  0%| F|  |TAMS 0x0000000083900000, 0x0000000083900000| Untracked 
|  58|0x0000000083a00000, 0x0000000083a00000, 0x0000000083b00000|  0%| F|  |TAMS 0x0000000083a00000, 0x0000000083a00000| Untracked 
|  59|0x0000000083b00000, 0x0000000083b00000, 0x0000000083c00000|  0%| F|  |TAMS 0x0000000083b00000, 0x0000000083b00000| Untracked 
|  60|0x0000000083c00000, 0x0000000083c00000, 0x0000000083d00000|  0%| F|  |TAMS 0x0000000083c00000, 0x0000000083c00000| Untracked 
|  61|0x0000000083d00000, 0x0000000083d00000, 0x0000000083e00000|  0%| F|  |TAMS 0x0000000083d00000, 0x0000000083d00000| Untracked 
|  62|0x0000000083e00000, 0x0000000083e00000, 0x0000000083f00000|  0%| F|  |TAMS 0x0000000083e00000, 0x0000000083e00000| Untracked 
|  63|0x0000000083f00000, 0x0000000083f00000, 0x0000000084000000|  0%| F|  |TAMS 0x0000000083f00000, 0x0000000083f00000| Untracked 
|  64|0x0000000084000000, 0x0000000084000000, 0x0000000084100000|  0%| F|  |TAMS 0x0000000084000000, 0x0000000084000000| Untracked 
|  65|0x0000000084100000, 0x0000000084100000, 0x0000000084200000|  0%| F|  |TAMS 0x0000000084100000, 0x0000000084100000| Untracked 
|  66|0x0000000084200000, 0x0000000084200000, 0x0000000084300000|  0%| F|  |TAMS 0x0000000084200000, 0x0000000084200000| Untracked 
|  67|0x0000000084300000, 0x0000000084300000, 0x0000000084400000|  0%| F|  |TAMS 0x0000000084300000, 0x0000000084300000| Untracked 
|  68|0x0000000084400000, 0x0000000084400000, 0x0000000084500000|  0%| F|  |TAMS 0x0000000084400000, 0x0000000084400000| Untracked 
|  69|0x0000000084500000, 0x0000000084500000, 0x0000000084600000|  0%| F|  |TAMS 0x0000000084500000, 0x0000000084500000| Untracked 
|  70|0x0000000084600000, 0x0000000084600000, 0x0000000084700000|  0%| F|  |TAMS 0x0000000084600000, 0x0000000084600000| Untracked 
|  71|0x0000000084700000, 0x0000000084700000, 0x0000000084800000|  0%| F|  |TAMS 0x0000000084700000, 0x0000000084700000| Untracked 
|  72|0x0000000084800000, 0x0000000084800000, 0x0000000084900000|  0%| F|  |TAMS 0x0000000084800000, 0x0000000084800000| Untracked 
|  73|0x0000000084900000, 0x0000000084900000, 0x0000000084a00000|  0%| F|  |TAMS 0x0000000084900000, 0x0000000084900000| Untracked 
|  74|0x0000000084a00000, 0x0000000084a00000, 0x0000000084b00000|  0%| F|  |TAMS 0x0000000084a00000, 0x0000000084a00000| Untracked 
|  75|0x0000000084b00000, 0x0000000084b00000, 0x0000000084c00000|  0%| F|  |TAMS 0x0000000084b00000, 0x0000000084b00000| Untracked 
|  76|0x0000000084c00000, 0x0000000084c00000, 0x0000000084d00000|  0%| F|  |TAMS 0x0000000084c00000, 0x0000000084c00000| Untracked 
|  77|0x0000000084d00000, 0x0000000084e00000, 0x0000000084e00000|100%| E|  |TAMS 0x0000000084d00000, 0x0000000084d00000| Complete 
|  78|0x0000000084e00000, 0x0000000084f00000, 0x0000000084f00000|100%| E|CS|TAMS 0x0000000084e00000, 0x0000000084e00000| Complete 
|  79|0x0000000084f00000, 0x0000000085000000, 0x0000000085000000|100%| E|CS|TAMS 0x0000000084f00000, 0x0000000084f00000| Complete 
|  80|0x0000000085000000, 0x0000000085100000, 0x0000000085100000|100%| E|CS|TAMS 0x0000000085000000, 0x0000000085000000| Complete 
|  81|0x0000000085100000, 0x0000000085200000, 0x0000000085200000|100%| E|CS|TAMS 0x0000000085100000, 0x0000000085100000| Complete 
|  82|0x0000000085200000, 0x0000000085300000, 0x0000000085300000|100%| E|CS|TAMS 0x0000000085200000, 0x0000000085200000| Complete 
|  83|0x0000000085300000, 0x0000000085400000, 0x0000000085400000|100%| E|CS|TAMS 0x0000000085300000, 0x0000000085300000| Complete 
|  84|0x0000000085400000, 0x0000000085500000, 0x0000000085500000|100%| E|CS|TAMS 0x0000000085400000, 0x0000000085400000| Complete 
|  85|0x0000000085500000, 0x0000000085600000, 0x0000000085600000|100%| E|CS|TAMS 0x0000000085500000, 0x0000000085500000| Complete 
|  86|0x0000000085600000, 0x0000000085700000, 0x0000000085700000|100%| E|CS|TAMS 0x0000000085600000, 0x0000000085600000| Complete 
|  87|0x0000000085700000, 0x0000000085800000, 0x0000000085800000|100%| E|CS|TAMS 0x0000000085700000, 0x0000000085700000| Complete 
|  88|0x0000000085800000, 0x0000000085900000, 0x0000000085900000|100%| E|CS|TAMS 0x0000000085800000, 0x0000000085800000| Complete 
|  89|0x0000000085900000, 0x0000000085a00000, 0x0000000085a00000|100%| E|CS|TAMS 0x0000000085900000, 0x0000000085900000| Complete 
|  90|0x0000000085a00000, 0x0000000085b00000, 0x0000000085b00000|100%| E|CS|TAMS 0x0000000085a00000, 0x0000000085a00000| Complete 
|  91|0x0000000085b00000, 0x0000000085c00000, 0x0000000085c00000|100%| E|CS|TAMS 0x0000000085b00000, 0x0000000085b00000| Complete 
|  92|0x0000000085c00000, 0x0000000085d00000, 0x0000000085d00000|100%| E|CS|TAMS 0x0000000085c00000, 0x0000000085c00000| Complete 
|  93|0x0000000085d00000, 0x0000000085e00000, 0x0000000085e00000|100%| E|CS|TAMS 0x0000000085d00000, 0x0000000085d00000| Complete 
|  94|0x0000000085e00000, 0x0000000085f00000, 0x0000000085f00000|100%| E|CS|TAMS 0x0000000085e00000, 0x0000000085e00000| Complete 
|  95|0x0000000085f00000, 0x0000000086000000, 0x0000000086000000|100%| E|CS|TAMS 0x0000000085f00000, 0x0000000085f00000| Complete 

Card table byte_map: [0x00000237b1310000,0x00000237b1710000] _byte_map_base: 0x00000237b0f10000

Marking Bits (Prev, Next): (CMBitMap*) 0x000002379c1ddec0, (CMBitMap*) 0x000002379c1dde88
 Prev Bits: [0x00000237b3b10000, 0x00000237b5b10000)
 Next Bits: [0x00000237b1b10000, 0x00000237b3b10000)

Polling page: 0x000002379c270000

Metaspace:

Usage:
  Non-class:     29.23 MB capacity,    28.76 MB ( 98%) used,   416.64 KB (  1%) free+waste,    71.00 KB ( <1%) overhead. 
      Class:      4.51 MB capacity,     4.23 MB ( 94%) used,   252.38 KB (  5%) free+waste,    34.69 KB ( <1%) overhead. 
       Both:     33.74 MB capacity,    32.99 MB ( 98%) used,   669.02 KB (  2%) free+waste,   105.69 KB ( <1%) overhead. 

Virtual space:
  Non-class space:       30.00 MB reserved,      29.42 MB ( 98%) committed 
      Class space:        1.00 GB reserved,       4.63 MB ( <1%) committed 
             Both:        1.03 GB reserved,      34.05 MB (  3%) committed 

Chunk freelists:
   Non-Class:  3.00 KB
       Class:  20.00 KB
        Both:  23.00 KB

MaxMetaspaceSize: 17179869184.00 GB
CompressedClassSpaceSize: 1.00 GB
Initial GC threshold: 20.80 MB
Current GC threshold: 35.08 MB
CDS: off

CodeHeap 'non-profiled nmethods': size=120000Kb used=1488Kb max_used=1488Kb free=118511Kb
 bounds [0x00000237a8f70000, 0x00000237a91e0000, 0x00000237b04a0000]
CodeHeap 'profiled nmethods': size=120000Kb used=6289Kb max_used=6289Kb free=113710Kb
 bounds [0x00000237a1a40000, 0x00000237a2070000, 0x00000237a8f70000]
CodeHeap 'non-nmethods': size=5760Kb used=1232Kb max_used=1280Kb free=4527Kb
 bounds [0x00000237a14a0000, 0x00000237a1710000, 0x00000237a1a40000]
 total_blobs=3394 nmethods=2883 adapters=423
 compilation: enabled
              stopped_count=0, restarted_count=0
 full_count=0

Compilation events (20 events):
Event: 75.080 Thread 0x00000237b85f9800 2851       3       org.codehaus.groovy.reflection.CachedClass::getCachedSuperClass (11 bytes)
Event: 75.080 Thread 0x00000237b85f9800 nmethod 2851 0x00000237a2051690 code [0x00000237a2051860, 0x00000237a2051b08]
Event: 75.081 Thread 0x00000237b85f9800 2852       3       java.util.StringJoiner::getChars (15 bytes)
Event: 75.081 Thread 0x00000237b85f9800 nmethod 2852 0x00000237a2051c10 code [0x00000237a2051de0, 0x00000237a2052028]
Event: 75.081 Thread 0x00000237b85f9800 2853       3       java.lang.PublicMethods$MethodList::getMostSpecific (63 bytes)
Event: 75.081 Thread 0x00000237b85f9800 nmethod 2853 0x00000237a2052190 code [0x00000237a2052360, 0x00000237a2052668]
Event: 75.082 Thread 0x00000237b85f9800 2854       3       org.codehaus.groovy.reflection.CachedMethod::compareToCachedMethod (160 bytes)
Event: 75.082 Thread 0x00000237b85f8800 nmethod 2850 0x00000237a90e2810 code [0x00000237a90e29a0, 0x00000237a90e2af8]
Event: 75.084 Thread 0x00000237b85f9800 nmethod 2854 0x00000237a2052810 code [0x00000237a2052b60, 0x00000237a2053e28]
Event: 75.087 Thread 0x00000237b85f9800 2856       3       java.lang.ClassValue$Entry::isPromise (14 bytes)
Event: 75.088 Thread 0x00000237b85f9800 nmethod 2856 0x00000237a2054610 code [0x00000237a20547c0, 0x00000237a2054918]
Event: 75.088 Thread 0x00000237b85f9800 2855       1       java.lang.ClassValue$Version::promise (5 bytes)
Event: 75.088 Thread 0x00000237b85f9800 nmethod 2855 0x00000237a90e2c10 code [0x00000237a90e2dc0, 0x00000237a90e2e78]
Event: 75.088 Thread 0x00000237b85f9800 2857       1       org.codehaus.groovy.util.ManagedConcurrentLinkedQueue::access$000 (5 bytes)
Event: 75.088 Thread 0x00000237b85f9800 nmethod 2857 0x00000237a90e2f10 code [0x00000237a90e30c0, 0x00000237a90e3158]
Event: 75.088 Thread 0x00000237b85f9800 2858       1       org.codehaus.groovy.reflection.ClassInfo::access$200 (5 bytes)
Event: 75.089 Thread 0x00000237b85f9800 nmethod 2858 0x00000237a90e3210 code [0x00000237a90e33c0, 0x00000237a90e3458]
Event: 75.089 Thread 0x00000237b85f9800 2859       3       org.codehaus.groovy.reflection.ParameterTypes::getParameterTypes (16 bytes)
Event: 75.090 Thread 0x00000237b85f9800 nmethod 2859 0x00000237a2054990 code [0x00000237a2054b40, 0x00000237a2054cc8]
Event: 75.106 Thread 0x00000237b85f8800 2860  s!   4       jdk.internal.loader.URLClassPath::getLoader (194 bytes)

GC Heap History (12 events):
Event: 13.788 GC heap before
{Heap before GC invocations=0 (full 0):
 garbage-first heap   total 98304K, used 29696K [0x0000000080000000, 0x0000000100000000)
  region size 1024K, 24 young (24576K), 0 survivors (0K)
 Metaspace       used 10122K, capacity 10327K, committed 10624K, reserved 1058816K
  class space    used 1034K, capacity 1106K, committed 1152K, reserved 1048576K
}
Event: 13.806 GC heap after
{Heap after GC invocations=1 (full 0):
 garbage-first heap   total 98304K, used 9224K [0x0000000080000000, 0x0000000100000000)
  region size 1024K, 3 young (3072K), 3 survivors (3072K)
 Metaspace       used 10122K, capacity 10327K, committed 10624K, reserved 1058816K
  class space    used 1034K, capacity 1106K, committed 1152K, reserved 1048576K
}
Event: 31.048 GC heap before
{Heap before GC invocations=1 (full 0):
 garbage-first heap   total 98304K, used 64520K [0x0000000080000000, 0x0000000100000000)
  region size 1024K, 57 young (58368K), 3 survivors (3072K)
 Metaspace       used 13017K, capacity 13359K, committed 13568K, reserved 1060864K
  class space    used 1399K, capacity 1500K, committed 1536K, reserved 1048576K
}
Event: 31.087 GC heap after
{Heap after GC invocations=2 (full 0):
 garbage-first heap   total 98304K, used 14724K [0x0000000080000000, 0x0000000100000000)
  region size 1024K, 8 young (8192K), 8 survivors (8192K)
 Metaspace       used 13017K, capacity 13359K, committed 13568K, reserved 1060864K
  class space    used 1399K, capacity 1500K, committed 1536K, reserved 1048576K
}
Event: 64.592 GC heap before
{Heap before GC invocations=2 (full 0):
 garbage-first heap   total 98304K, used 61828K [0x0000000080000000, 0x0000000100000000)
  region size 1024K, 55 young (56320K), 8 survivors (8192K)
 Metaspace       used 20723K, capacity 21145K, committed 21296K, reserved 1069056K
  class space    used 2509K, capacity 2648K, committed 2688K, reserved 1048576K
}
Event: 64.701 GC heap after
{Heap after GC invocations=3 (full 0):
 garbage-first heap   total 98304K, used 16909K [0x0000000080000000, 0x0000000100000000)
  region size 1024K, 3 young (3072K), 3 survivors (3072K)
 Metaspace       used 20723K, capacity 21145K, committed 21296K, reserved 1069056K
  class space    used 2509K, capacity 2648K, committed 2688K, reserved 1048576K
}
Event: 64.725 GC heap before
{Heap before GC invocations=3 (full 0):
 garbage-first heap   total 98304K, used 16909K [0x0000000080000000, 0x0000000100000000)
  region size 1024K, 4 young (4096K), 3 survivors (3072K)
 Metaspace       used 20742K, capacity 21145K, committed 21296K, reserved 1069056K
  class space    used 2512K, capacity 2648K, committed 2688K, reserved 1048576K
}
Event: 64.737 GC heap after
{Heap after GC invocations=4 (full 0):
 garbage-first heap   total 98304K, used 16826K [0x0000000080000000, 0x0000000100000000)
  region size 1024K, 3 young (3072K), 3 survivors (3072K)
 Metaspace       used 20742K, capacity 21145K, committed 21296K, reserved 1069056K
  class space    used 2512K, capacity 2648K, committed 2688K, reserved 1048576K
}
Event: 68.474 GC heap before
{Heap before GC invocations=5 (full 0):
 garbage-first heap   total 98304K, used 63930K [0x0000000080000000, 0x0000000100000000)
  region size 1024K, 49 young (50176K), 3 survivors (3072K)
 Metaspace       used 25447K, capacity 26062K, committed 26288K, reserved 1073152K
  class space    used 3259K, capacity 3484K, committed 3584K, reserved 1048576K
}
Event: 68.481 GC heap after
{Heap after GC invocations=6 (full 0):
 garbage-first heap   total 98304K, used 18629K [0x0000000080000000, 0x0000000100000000)
  region size 1024K, 4 young (4096K), 4 survivors (4096K)
 Metaspace       used 25447K, capacity 26062K, committed 26288K, reserved 1073152K
  class space    used 3259K, capacity 3484K, committed 3584K, reserved 1048576K
}
Event: 71.860 GC heap before
{Heap before GC invocations=6 (full 0):
 garbage-first heap   total 98304K, used 67781K [0x0000000080000000, 0x0000000100000000)
  region size 1024K, 52 young (53248K), 4 survivors (4096K)
 Metaspace       used 30132K, capacity 30880K, committed 31152K, reserved 1077248K
  class space    used 3970K, capacity 4245K, committed 4352K, reserved 1048576K
}
Event: 71.876 GC heap after
{Heap after GC invocations=7 (full 0):
 garbage-first heap   total 98304K, used 20193K [0x0000000080000000, 0x0000000100000000)
  region size 1024K, 4 young (4096K), 4 survivors (4096K)
 Metaspace       used 30132K, capacity 30880K, committed 31152K, reserved 1077248K
  class space    used 3970K, capacity 4245K, committed 4352K, reserved 1048576K
}

Deoptimization events (20 events):
Event: 68.902 Thread 0x00000237baa4d800 DEOPT PACKING pc=0x00000237a8f963c4 sp=0x00000086988fb1c0
Event: 68.902 Thread 0x00000237baa4d800 DEOPT UNPACKING pc=0x00000237a14ea1af sp=0x00000086988fb150 mode 2
Event: 70.437 Thread 0x00000237baa4d800 Uncommon trap: trap_request=0xffffff4d fr.pc=0x00000237a904b14c relative=0x000000000000020c
Event: 70.437 Thread 0x00000237baa4d800 Uncommon trap: reason=unstable_if action=reinterpret pc=0x00000237a904b14c method=java.util.HashMap.hash(Ljava/lang/Object;)I @ 1 c2
Event: 70.437 Thread 0x00000237baa4d800 DEOPT PACKING pc=0x00000237a904b14c sp=0x00000086988f7a10
Event: 70.437 Thread 0x00000237baa4d800 DEOPT UNPACKING pc=0x00000237a14ea1af sp=0x00000086988f7948 mode 2
Event: 70.437 Thread 0x00000237baa4d800 Uncommon trap: trap_request=0xffffff4d fr.pc=0x00000237a8f8af2c relative=0x000000000000008c
Event: 70.437 Thread 0x00000237baa4d800 Uncommon trap: reason=unstable_if action=reinterpret pc=0x00000237a8f8af2c method=java.util.HashMap.hash(Ljava/lang/Object;)I @ 1 c2
Event: 70.437 Thread 0x00000237baa4d800 DEOPT PACKING pc=0x00000237a8f8af2c sp=0x00000086988f7780
Event: 70.437 Thread 0x00000237baa4d800 DEOPT UNPACKING pc=0x00000237a14ea1af sp=0x00000086988f7718 mode 2
Event: 70.651 Thread 0x00000237baa4d800 Uncommon trap: trap_request=0xffffff4d fr.pc=0x00000237a90b2a64 relative=0x00000000000001a4
Event: 70.651 Thread 0x00000237baa4d800 Uncommon trap: reason=unstable_if action=reinterpret pc=0x00000237a90b2a64 method=java.util.regex.Pattern$BmpCharProperty.match(Ljava/util/regex/Matcher;ILjava/lang/CharSequence;)Z @ 39 c2
Event: 70.651 Thread 0x00000237baa4d800 DEOPT PACKING pc=0x00000237a90b2a64 sp=0x00000086988f9260
Event: 70.651 Thread 0x00000237baa4d800 DEOPT UNPACKING pc=0x00000237a14ea1af sp=0x00000086988f9210 mode 2
Event: 71.302 Thread 0x00000237baa4d800 DEOPT PACKING pc=0x00000237a1eb9c79 sp=0x00000086988f6b70
Event: 71.303 Thread 0x00000237baa4d800 DEOPT UNPACKING pc=0x00000237a14ea95e sp=0x00000086988f60b8 mode 0
Event: 72.657 Thread 0x00000237baa4d800 Uncommon trap: trap_request=0xffffff4d fr.pc=0x00000237a9074a1c relative=0x00000000000006bc
Event: 72.657 Thread 0x00000237baa4d800 Uncommon trap: reason=unstable_if action=reinterpret pc=0x00000237a9074a1c method=java.util.HashMap.putVal(ILjava/lang/Object;Ljava/lang/Object;ZZ)Ljava/lang/Object; @ 162 c2
Event: 72.657 Thread 0x00000237baa4d800 DEOPT PACKING pc=0x00000237a9074a1c sp=0x00000086988fa350
Event: 72.657 Thread 0x00000237baa4d800 DEOPT UNPACKING pc=0x00000237a14ea1af sp=0x00000086988fa2d0 mode 2

Classes redefined (0 events):
No events

Internal exceptions (20 events):
Event: 68.715 Thread 0x00000237baa4d800 Exception <a 'java/lang/NoSuchMethodError'{0x0000000085b08290}: 'int java.lang.invoke.DirectMethodHandle$Holder.invokeVirtual(java.lang.Object, java.lang.Object)'> (0x0000000085b08290) thrown at [./src/hotspot/share/interpreter/linkResolver.cpp, line 773]
Event: 68.721 Thread 0x00000237baa4d800 Exception <a 'java/lang/NoSuchMethodError'{0x0000000085b20e00}: 'java.lang.Object java.lang.invoke.DirectMethodHandle$Holder.invokeVirtual(java.lang.Object, java.lang.Object, java.lang.Object)'> (0x0000000085b20e00) thrown at [./src/hotspot/share/interpreter/linkResolver.cpp, line 773]
Event: 68.742 Thread 0x00000237baa4d800 Exception <a 'java/lang/NoSuchMethodError'{0x0000000085b4d4d8}: 'int java.lang.invoke.DirectMethodHandle$Holder.invokeVirtual(java.lang.Object, java.lang.Object, java.lang.Object)'> (0x0000000085b4d4d8) thrown at [./src/hotspot/share/interpreter/linkResolver.cpp, line 773]
Event: 68.868 Thread 0x00000237baa4d800 Exception <a 'java/lang/NoSuchMethodError'{0x0000000085933100}: 'void java.lang.invoke.DirectMethodHandle$Holder.invokeSpecial(java.lang.Object, java.lang.Object)'> (0x0000000085933100) thrown at [./src/hotspot/share/interpreter/linkResolver.cpp, line 773]
Event: 69.968 Thread 0x00000237baa4d800 Exception <a 'java/lang/NoSuchMethodError'{0x0000000084bbf1b0}: 'java.lang.Object java.lang.invoke.DirectMethodHandle$Holder.invokeSpecialIFC(java.lang.Object, java.lang.Object, java.lang.Object, java.lang.Object)'> (0x0000000084bbf1b0) thrown at [./src/hotspot/share/interpreter/linkResolver.cpp, line 773]
Event: 70.437 Thread 0x00000237baa4d800 Implicit null exception at 0x00000237a904af75 to 0x00000237a904b13c
Event: 70.437 Thread 0x00000237baa4d800 Implicit null exception at 0x00000237a8f8aeaf to 0x00000237a8f8af1d
Event: 70.668 Thread 0x00000237baa4d800 Exception <a 'java/lang/NoSuchMethodError'{0x00000000841e7298}: 'java.lang.Object java.lang.invoke.DirectMethodHandle$Holder.invokeSpecial(java.lang.Object, java.lang.Object, java.lang.Object, java.lang.Object, java.lang.Object, java.lang.Object, java.lang.Object, java.lang.Object, java.lang.Object, java.lang.Object, java.lang.Object, java.lang.Object, java.lang.Object)'> (0x00000000841e7298) thrown at [./src/hotspot/share/interpreter/linkResolver.cpp, line 773]
Event: 70.671 Thread 0x00000237baa4d800 Exception <a 'java/lang/NoSuchMethodError'{0x00000000841f83a0}: 'java.lang.Object java.lang.invoke.DirectMethodHandle$Holder.invokeSpecial(java.lang.Object, java.lang.Object, java.lang.Object, java.lang.Object, java.lang.Object, java.lang.Object, java.lang.Object, java.lang.Object, java.lang.Object, java.lang.Object, java.lang.Object, java.lang.Object)'> (0x00000000841f83a0) thrown at [./src/hotspot/share/interpreter/linkResolver.cpp, line 773]
Event: 70.673 Thread 0x00000237baa4d800 Exception <a 'java/lang/NoSuchMethodError'{0x00000000841fd770}: 'java.lang.Object java.lang.invoke.Invokers$Holder.linkToTargetMethod(java.lang.Object, java.lang.Object, java.lang.Object, java.lang.Object, java.lang.Object, java.lang.Object, java.lang.Object, java.lang.Object, java.lang.Object, java.lang.Object, java.lang.Object)'> (0x00000000841fd770) thrown at [./src/hotspot/share/interpreter/linkResolver.cpp, line 773]
Event: 70.700 Thread 0x00000237baa4d800 Exception <a 'java/lang/NoSuchMethodError'{0x000000008409bf78}: 'java.lang.Object java.lang.invoke.DirectMethodHandle$Holder.invokeSpecial(java.lang.Object, java.lang.Object, java.lang.Object, java.lang.Object, java.lang.Object, java.lang.Object, java.lang.Object, java.lang.Object, java.lang.Object, java.lang.Object, java.lang.Object, java.lang.Object, java.lang.Object, java.lang.Object)'> (0x000000008409bf78) thrown at [./src/hotspot/share/interpreter/linkResolver.cpp, line 773]
Event: 70.702 Thread 0x00000237baa4d800 Exception <a 'java/lang/NoSuchMethodError'{0x00000000840ad898}: 'java.lang.Object java.lang.invoke.Invokers$Holder.linkToTargetMethod(java.lang.Object, java.lang.Object, java.lang.Object, java.lang.Object, java.lang.Object, java.lang.Object, java.lang.Object, java.lang.Object, java.lang.Object, java.lang.Object, java.lang.Object, java.lang.Object)'> (0x00000000840ad898) thrown at [./src/hotspot/share/interpreter/linkResolver.cpp, line 773]
Event: 70.788 Thread 0x00000237baa4d800 Exception <a 'java/lang/NoSuchMethodError'{0x0000000083fc6920}: 'java.lang.Object java.lang.invoke.DirectMethodHandle$Holder.invokeStaticInit(java.lang.Object, java.lang.Object, java.lang.Object, java.lang.Object)'> (0x0000000083fc6920) thrown at [./src/hotspot/share/interpreter/linkResolver.cpp, line 773]
Event: 71.274 Thread 0x00000237baa4d800 Exception <a 'java/lang/NoSuchMethodError'{0x000000008366f530}: 'java.lang.Object java.lang.invoke.Invokers$Holder.linkToTargetMethod(java.lang.Object, java.lang.Object, java.lang.Object, java.lang.Object, java.lang.Object, java.lang.Object, java.lang.Object, java.lang.Object)'> (0x000000008366f530) thrown at [./src/hotspot/share/interpreter/linkResolver.cpp, line 773]
Event: 71.290 Thread 0x00000237baa4d800 Exception <a 'java/lang/NoSuchMethodError'{0x00000000836c6478}: 'java.lang.Object java.lang.invoke.Invokers$Holder.linkToTargetMethod(java.lang.Object, java.lang.Object, java.lang.Object, java.lang.Object, java.lang.Object, java.lang.Object, java.lang.Object)'> (0x00000000836c6478) thrown at [./src/hotspot/share/interpreter/linkResolver.cpp, line 773]
Event: 71.324 Thread 0x00000237baa4d800 Exception <a 'java/lang/IncompatibleClassChangeError'{0x000000008351bf10}: Found class java.lang.Object, but interface was expected> (0x000000008351bf10) thrown at [./src/hotspot/share/interpreter/linkResolver.cpp, line 839]
Event: 74.736 Thread 0x00000237baa4d800 Exception <a 'java/lang/NoSuchMethodError'{0x00000000853f0be0}: 'void java.lang.invoke.DirectMethodHandle$Holder.invokeStaticInit(java.lang.Object, java.lang.Object, java.lang.Object)'> (0x00000000853f0be0) thrown at [./src/hotspot/share/interpreter/linkResolver.cpp, line 773]
Event: 74.744 Thread 0x00000237baa4d800 Exception <a 'java/lang/NoSuchMethodError'{0x00000000853f7e38}: 'void java.lang.invoke.DirectMethodHandle$Holder.invokeStaticInit(java.lang.Object, java.lang.Object, java.lang.Object, java.lang.Object)'> (0x00000000853f7e38) thrown at [./src/hotspot/share/interpreter/linkResolver.cpp, line 773]
Event: 74.769 Thread 0x00000237baa4d800 Exception <a 'java/lang/NoSuchMethodError'{0x000000008521ac38}: 'void java.lang.invoke.DirectMethodHandle$Holder.invokeStaticInit(java.lang.Object, java.lang.Object, java.lang.Object, java.lang.Object, java.lang.Object)'> (0x000000008521ac38) thrown at [./src/hotspot/share/interpreter/linkResolver.cpp, line 773]
Event: 74.858 Thread 0x00000237baa4d800 Exception <a 'java/lang/NoSuchMethodError'{0x0000000085279478}: 'int java.lang.invoke.DirectMethodHandle$Holder.invokeStaticInit(java.lang.Object, java.lang.Object, java.lang.Object, java.lang.Object)'> (0x0000000085279478) thrown at [./src/hotspot/share/interpreter/linkResolver.cpp, line 773]

Events (20 events):
Event: 75.106 loading class org/codehaus/groovy/util/URLStreams
Event: 75.106 loading class org/codehaus/groovy/util/URLStreams done
Event: 75.117 Executing VM operation: RevokeBias
Event: 75.118 Executing VM operation: RevokeBias done
Event: 75.118 loading class org/codehaus/groovy/runtime/m12n/StandardPropertiesModuleFactory
Event: 75.118 loading class org/codehaus/groovy/runtime/m12n/StandardPropertiesModuleFactory done
Event: 75.122 loading class org/codehaus/groovy/runtime/m12n/PropertiesModuleFactory
Event: 75.122 loading class org/codehaus/groovy/runtime/m12n/PropertiesModuleFactory done
Event: 75.125 loading class org/codehaus/groovy/runtime/m12n/ExtensionModule
Event: 75.125 loading class org/codehaus/groovy/runtime/m12n/ExtensionModule done
Event: 75.128 loading class org/codehaus/groovy/runtime/m12n/MetaInfExtensionModule
Event: 75.128 loading class org/codehaus/groovy/runtime/m12n/MetaInfExtensionModule done
Event: 75.130 loading class org/codehaus/groovy/runtime/m12n/SimpleExtensionModule
Event: 75.130 loading class org/codehaus/groovy/runtime/m12n/SimpleExtensionModule done
Event: 75.132 loading class java/lang/UnsupportedClassVersionError
Event: 75.132 loading class java/lang/UnsupportedClassVersionError done
Event: 75.133 loading class org/apache/groovy/datetime/extensions/DateTimeExtensions
Event: 75.133 loading class org/apache/groovy/datetime/extensions/DateTimeExtensions done
Event: 75.138 loading class org/apache/groovy/datetime/extensions/DateTimeStaticExtensions
Event: 75.138 loading class org/apache/groovy/datetime/extensions/DateTimeStaticExtensions done


Dynamic libraries:
0x00007ff737610000 - 0x00007ff73761a000 	C:\Users\lieke\ANDROID APP\jre\bin\java.exe
0x00007fff9bb50000 - 0x00007fff9bd64000 	C:\WINDOWS\SYSTEM32\ntdll.dll
0x00007fff9b4c0000 - 0x00007fff9b583000 	C:\WINDOWS\System32\KERNEL32.DLL
0x00007fff993e0000 - 0x00007fff9977c000 	C:\WINDOWS\System32\KERNELBASE.dll
0x00007fff99220000 - 0x00007fff99331000 	C:\WINDOWS\System32\ucrtbase.dll
0x00007fff823c0000 - 0x00007fff823d9000 	C:\Users\lieke\ANDROID APP\jre\bin\jli.dll
0x00007fff7cdb0000 - 0x00007fff7cdc7000 	C:\Users\lieke\ANDROID APP\jre\bin\VCRUNTIME140.dll
0x00007fff9a0c0000 - 0x00007fff9a26d000 	C:\WINDOWS\System32\USER32.dll
0x00007fff993b0000 - 0x00007fff993d6000 	C:\WINDOWS\System32\win32u.dll
0x00007fff8e8b0000 - 0x00007fff8eb3e000 	C:\WINDOWS\WinSxS\amd64_microsoft.windows.common-controls_6595b64144ccf1df_6.0.22621.608_none_a9444ca7c10bb01d\COMCTL32.dll
0x00007fff9b210000 - 0x00007fff9b2b7000 	C:\WINDOWS\System32\msvcrt.dll
0x00007fff9a840000 - 0x00007fff9a869000 	C:\WINDOWS\System32\GDI32.dll
0x00007fff99780000 - 0x00007fff99892000 	C:\WINDOWS\System32\gdi32full.dll
0x00007fff99180000 - 0x00007fff9921a000 	C:\WINDOWS\System32\msvcp_win.dll
0x00007fff9b8d0000 - 0x00007fff9b902000 	C:\WINDOWS\System32\IMM32.DLL
0x00007fff59e70000 - 0x00007fff59f0d000 	C:\Users\lieke\ANDROID APP\jre\bin\msvcp140.dll
0x00007fff59010000 - 0x00007fff59b12000 	C:\Users\lieke\ANDROID APP\jre\bin\server\jvm.dll
0x00007fff9a270000 - 0x00007fff9a31e000 	C:\WINDOWS\System32\ADVAPI32.dll
0x00007fff9b160000 - 0x00007fff9b204000 	C:\WINDOWS\System32\sechost.dll
0x00007fff9b7b0000 - 0x00007fff9b8c5000 	C:\WINDOWS\System32\RPCRT4.dll
0x00007fff99e40000 - 0x00007fff99e48000 	C:\WINDOWS\System32\PSAPI.DLL
0x00007fff942a0000 - 0x00007fff942d4000 	C:\WINDOWS\SYSTEM32\WINMM.dll
0x00007fff3e3d0000 - 0x00007fff3e3d9000 	C:\WINDOWS\SYSTEM32\WSOCK32.dll
0x00007fff93010000 - 0x00007fff9301a000 	C:\WINDOWS\SYSTEM32\VERSION.dll
0x00007fff9b910000 - 0x00007fff9b981000 	C:\WINDOWS\System32\WS2_32.dll
0x00007fff97fe0000 - 0x00007fff97ff8000 	C:\WINDOWS\SYSTEM32\kernel.appcore.dll
0x00007fff94f60000 - 0x00007fff94f71000 	C:\Users\lieke\ANDROID APP\jre\bin\verify.dll
0x00007fff89450000 - 0x00007fff8967e000 	C:\WINDOWS\SYSTEM32\DBGHELP.DLL
0x00007fff9a390000 - 0x00007fff9a71a000 	C:\WINDOWS\System32\combase.dll
0x00007fff9b060000 - 0x00007fff9b137000 	C:\WINDOWS\System32\OLEAUT32.dll
0x00007fff892c0000 - 0x00007fff892f2000 	C:\WINDOWS\SYSTEM32\dbgcore.DLL
0x00007fff98f90000 - 0x00007fff9900b000 	C:\WINDOWS\System32\bcryptPrimitives.dll
0x00007fff90910000 - 0x00007fff90939000 	C:\Users\lieke\ANDROID APP\jre\bin\java.dll
0x00007fff950f0000 - 0x00007fff950fb000 	C:\Users\lieke\ANDROID APP\jre\bin\jimage.dll
0x00007fff94c00000 - 0x00007fff94c18000 	C:\Users\lieke\ANDROID APP\jre\bin\zip.dll
0x00007fff9a870000 - 0x00007fff9b05f000 	C:\WINDOWS\System32\SHELL32.dll
0x00007fff96fb0000 - 0x00007fff97878000 	C:\WINDOWS\SYSTEM32\windows.storage.dll
0x00007fff96e70000 - 0x00007fff96fae000 	C:\WINDOWS\SYSTEM32\wintypes.dll
0x00007fff9ba10000 - 0x00007fff9bb01000 	C:\WINDOWS\System32\SHCORE.dll
0x00007fff9a320000 - 0x00007fff9a37e000 	C:\WINDOWS\System32\shlwapi.dll
0x00007fff98ec0000 - 0x00007fff98ee1000 	C:\WINDOWS\SYSTEM32\profapi.dll
0x00007fff936e0000 - 0x00007fff936fa000 	C:\Users\lieke\ANDROID APP\jre\bin\net.dll
0x00007fff93cd0000 - 0x00007fff93dff000 	C:\WINDOWS\SYSTEM32\WINHTTP.dll
0x00007fff98450000 - 0x00007fff984b9000 	C:\WINDOWS\system32\mswsock.dll
0x00007fff90850000 - 0x00007fff90864000 	C:\Users\lieke\ANDROID APP\jre\bin\nio.dll
0x00007fff87a60000 - 0x00007fff87a87000 	C:\Users\lieke\.gradle\native\e1d6ef7f7dcc3fd88c89a11ec53ec762bb8ba0a96d01ffa2cd45eb1d1d8dd5c5\windows-amd64\native-platform.dll
0x00007fff4b280000 - 0x00007fff4b3c4000 	C:\Users\lieke\.gradle\native\0d407fdbe67a94daf76414ababcb853783967236a71b16ec16e742cd7a986fd3\windows-amd64\native-platform-file-events.dll
0x00007fff94470000 - 0x00007fff9447a000 	C:\Users\lieke\ANDROID APP\jre\bin\management.dll
0x00007fff94420000 - 0x00007fff9442d000 	C:\Users\lieke\ANDROID APP\jre\bin\management_ext.dll
0x00007fff986a0000 - 0x00007fff986bb000 	C:\WINDOWS\SYSTEM32\CRYPTSP.dll
0x00007fff97f50000 - 0x00007fff97f85000 	C:\WINDOWS\system32\rsaenh.dll
0x00007fff98540000 - 0x00007fff98568000 	C:\WINDOWS\SYSTEM32\USERENV.dll
0x00007fff98840000 - 0x00007fff98868000 	C:\WINDOWS\SYSTEM32\bcrypt.dll
0x00007fff986c0000 - 0x00007fff986cc000 	C:\WINDOWS\SYSTEM32\CRYPTBASE.dll
0x00007fff97ad0000 - 0x00007fff97afd000 	C:\WINDOWS\SYSTEM32\IPHLPAPI.DLL
0x00007fff9a380000 - 0x00007fff9a389000 	C:\WINDOWS\System32\NSI.dll
0x00007fff93cb0000 - 0x00007fff93cc9000 	C:\WINDOWS\SYSTEM32\dhcpcsvc6.DLL
0x00007fff93c90000 - 0x00007fff93caf000 	C:\WINDOWS\SYSTEM32\dhcpcsvc.DLL
0x00007fff97b40000 - 0x00007fff97c33000 	C:\WINDOWS\SYSTEM32\DNSAPI.dll

dbghelp: loaded successfully - version: 4.0.5 - missing functions: none
symbol engine: initialized successfully - sym options: 0x614 - pdb path: .;C:\Users\lieke\ANDROID APP\jre\bin;C:\WINDOWS\SYSTEM32;C:\WINDOWS\WinSxS\amd64_microsoft.windows.common-controls_6595b64144ccf1df_6.0.22621.608_none_a9444ca7c10bb01d;C:\Users\lieke\ANDROID APP\jre\bin\server;C:\Users\lieke\.gradle\native\e1d6ef7f7dcc3fd88c89a11ec53ec762bb8ba0a96d01ffa2cd45eb1d1d8dd5c5\windows-amd64;C:\Users\lieke\.gradle\native\0d407fdbe67a94daf76414ababcb853783967236a71b16ec16e742cd7a986fd3\windows-amd64

VM Arguments:
jvm_args: --add-opens=java.base/java.util=ALL-UNNAMED --add-opens=java.base/java.lang=ALL-UNNAMED --add-opens=java.base/java.lang.invoke=ALL-UNNAMED --add-opens=java.base/java.util=ALL-UNNAMED --add-opens=java.prefs/java.util.prefs=ALL-UNNAMED --add-opens=java.prefs/java.util.prefs=ALL-UNNAMED --add-opens=java.base/java.nio.charset=ALL-UNNAMED --add-opens=java.base/java.net=ALL-UNNAMED --add-opens=java.base/java.util.concurrent.atomic=ALL-UNNAMED -Xmx2048m -Dfile.encoding=UTF-8 -Duser.country=NL -Duser.language=nl -Duser.variant 
java_command: org.gradle.launcher.daemon.bootstrap.GradleDaemon 7.4
java_class_path (initial): C:\Users\lieke\.gradle\wrapper\dists\gradle-7.4-bin\c0gwcg53nkjbqw7r0h0umtfvt\gradle-7.4\lib\gradle-launcher-7.4.jar
Launcher Type: SUN_STANDARD

[Global flags]
     intx CICompilerCount                          = 4                                         {product} {ergonomic}
     uint ConcGCThreads                            = 2                                         {product} {ergonomic}
     uint G1ConcRefinementThreads                  = 8                                         {product} {ergonomic}
   size_t G1HeapRegionSize                         = 1048576                                   {product} {ergonomic}
    uintx GCDrainStackTargetSize                   = 64                                        {product} {ergonomic}
   size_t InitialHeapSize                          = 100663296                                 {product} {ergonomic}
   size_t MarkStackSize                            = 4194304                                   {product} {ergonomic}
   size_t MaxHeapSize                              = 2147483648                                {product} {command line}
   size_t MaxNewSize                               = 1287651328                                {product} {ergonomic}
   size_t MinHeapDeltaBytes                        = 1048576                                   {product} {ergonomic}
    uintx NonNMethodCodeHeapSize                   = 5836300                                {pd product} {ergonomic}
    uintx NonProfiledCodeHeapSize                  = 122910970                              {pd product} {ergonomic}
    uintx ProfiledCodeHeapSize                     = 122910970                              {pd product} {ergonomic}
    uintx ReservedCodeCacheSize                    = 251658240                              {pd product} {ergonomic}
     bool SegmentedCodeCache                       = true                                      {product} {ergonomic}
     bool UseCompressedClassPointers               = true                                 {lp64_product} {ergonomic}
     bool UseCompressedOops                        = true                                 {lp64_product} {ergonomic}
     bool UseG1GC                                  = true                                      {product} {ergonomic}
     bool UseLargePagesIndividualAllocation        = false                                  {pd product} {ergonomic}

Logging:
Log output configuration:
 #0: stdout all=warning uptime,level,tags
 #1: stderr all=off uptime,level,tags

Environment Variables:
PATH=C:\Program Files\Microsoft\jdk-11.0.12.7-hotspot\bin;C:\Program Files\Common Files\Oracle\Java\javapath;C:\WINDOWS\system32;C:\WINDOWS;C:\WINDOWS\System32\Wbem;C:\WINDOWS\System32\WindowsPowerShell\v1.0\;C:\WINDOWS\System32\OpenSSH\;C:\bin;C:\xampp\php;C:\Program Files\Git\cmd;C:\Program Files\Microsoft SQL Server\150\Tools\Binn\;C:\Program Files\Microsoft SQL Server\Client SDK\ODBC\170\Tools\Binn\;C:\Program Files\dotnet\;C:\Users\lieke\AppData\Local\Microsoft\WindowsApps;C:\Users\lieke\AppData\Local\Programs\Microsoft VS Code\bin;C:\Users\lieke\AppData\Local\GitHubDesktop\bin;;C:\Users\lieke\AppData\Local\JetBrains\Toolbox\scripts;C:\Users\lieke\AppData\Local\Microsoft\WindowsApps;C:\Users\lieke\.dotnet\tools
USERNAME=lieke
OS=Windows_NT
PROCESSOR_IDENTIFIER=AMD64 Family 23 Model 24 Stepping 1, AuthenticAMD



---------------  S Y S T E M  ---------------

OS: Windows 11 , 64 bit Build 22621 (10.0.22621.1194)
OS uptime: 20 days 15:22 hours

CPU:total 8 (initial active 8) (8 cores per cpu, 2 threads per core) family 23 model 24 stepping 1 microcode 0x0, cmov, cx8, fxsr, mmx, sse, sse2, sse3, ssse3, sse4.1, sse4.2, popcnt, avx, avx2, aes, clmul, mmxext, 3dnowpref, lzcnt, sse4a, ht, tsc, tscinvbit, tscinv, bmi1, bmi2, adx, sha, fma

Memory: 4k page, system-wide physical 6060M (565M free)
TotalPageFile size 24492M (AvailPageFile size 0M)
current process WorkingSet (physical memory assigned to process): 169M, peak: 169M
current process commit charge ("private bytes"): 258M, peak: 259M

vm_info: OpenJDK 64-Bit Server VM (11.0.13+0-b1751.21-8125866) for windows-amd64 JRE (11.0.13+0-b1751.21-8125866), built on Feb  2 2022 03:00:22 by "builder" with MS VC++ 14.0 (VS2015)

END.
